  [4;36;1mSQL (0.2ms)[0m   [0;1m SELECT name
 FROM sqlite_master
 WHERE type = 'table' AND NOT name = 'sqlite_sequence'
[0m
  [4;35;1mSQL (0.1ms)[0m   [0mselect sqlite_version(*)[0m
  [4;36;1mSQL (1.7ms)[0m   [0;1mCREATE TABLE "schema_migrations" ("version" varchar(255) NOT NULL) [0m
  [4;35;1mSQL (1.2ms)[0m   [0mCREATE UNIQUE INDEX "unique_schema_migrations" ON "schema_migrations" ("version")[0m
  [4;36;1mSQL (0.1ms)[0m   [0;1m SELECT name
 FROM sqlite_master
 WHERE type = 'table' AND NOT name = 'sqlite_sequence'
[0m
  [4;35;1mSQL (0.1ms)[0m   [0mSELECT version FROM schema_migrations[0m
Migrating to CreateTransactions (20100112082256)
  [4;36;1mSQL (0.4ms)[0m   [0;1mCREATE TABLE "transactions" ("id" INTEGER PRIMARY KEY AUTOINCREMENT NOT NULL, "date" date, "amount" float, "text" varchar(255), "created_at" datetime, "updated_at" datetime) [0m
  [4;35;1mSQL (0.1ms)[0m   [0mINSERT INTO schema_migrations (version) VALUES ('20100112082256')[0m
  [4;36;1mSQL (0.2ms)[0m   [0;1m SELECT name
 FROM sqlite_master
 WHERE type = 'table' AND NOT name = 'sqlite_sequence'
[0m
  [4;35;1mSQL (0.1ms)[0m   [0mSELECT version FROM schema_migrations[0m
  [4;36;1mSQL (0.1ms)[0m   [0;1m SELECT name
 FROM sqlite_master
 WHERE type = 'table' AND NOT name = 'sqlite_sequence'
[0m
  [4;35;1mSQL (0.0ms)[0m   [0mPRAGMA index_list("transactions")[0m
  [4;36;1mSQL (0.4ms)[0m   [0;1m SELECT name
 FROM sqlite_master
 WHERE type = 'table' AND NOT name = 'sqlite_sequence'
[0m
  [4;35;1mSQL (0.1ms)[0m   [0mSELECT version FROM schema_migrations[0m
  [4;36;1mTransaction Create (0.3ms)[0m   [0;1mINSERT INTO "transactions" ("created_at", "updated_at", "amount", "text", "date") VALUES('2010-01-12 08:36:52', '2010-01-12 08:36:52', 458.34, 'Bank transfer', 1091039)[0m
  [4;35;1mTransaction Create (0.1ms)[0m   [0mINSERT INTO "transactions" ("created_at", "updated_at", "amount", "text", "date") VALUES('2010-01-12 08:39:13', '2010-01-12 08:39:13', -12.93, 'Payment', NULL)[0m
  [4;36;1mTransaction Destroy (0.1ms)[0m   [0;1mDELETE FROM "transactions" WHERE "id" = 1[0m
  [4;35;1mTransaction Load (0.1ms)[0m   [0mSELECT * FROM "transactions" WHERE ("transactions"."id" = 1) [0m
  [4;36;1mTransaction Load (0.3ms)[0m   [0;1mSELECT * FROM "transactions" WHERE ("transactions"."id" = 2) [0m
  [4;35;1mTransaction Load (0.2ms)[0m   [0mSELECT * FROM "transactions" WHERE ("transactions"."text" = 'Payment') LIMIT 1[0m
  [4;36;1mTransaction Create (0.1ms)[0m   [0;1mINSERT INTO "transactions" ("created_at", "updated_at", "amount", "text", "date") VALUES('2010-01-12 08:41:40', '2010-01-12 08:41:40', 44.44, 'Credit', 93284)[0m
  [4;35;1mTransaction Load (0.2ms)[0m   [0mSELECT * FROM "transactions" WHERE ("transactions"."text" = 'e') LIMIT 1[0m
  [4;36;1mTransaction Load (0.3ms)[0m   [0;1mSELECT * FROM "transactions" WHERE ("transactions"."text" = 'Payment') LIMIT 1[0m
  [4;35;1mTransaction Load (0.3ms)[0m   [0mSELECT * FROM "transactions" WHERE ("transactions"."text" = 'Payment') LIMIT 1[0m
  [4;36;1mTransaction Load (0.2ms)[0m   [0;1mSELECT * FROM "transactions" LIMIT 1[0m
  [4;35;1mTransaction Load (0.3ms)[0m   [0mSELECT * FROM "transactions" [0m
  [4;36;1mTransaction Load (0.3ms)[0m   [0;1mSELECT * FROM "transactions" WHERE ("transactions"."text" = 'Payment') LIMIT 1[0m
  [4;35;1mTransaction Load (0.3ms)[0m   [0mSELECT * FROM "transactions" WHERE ("transactions"."text" = 'Payment') LIMIT 1[0m
  [4;36;1mTransaction Update (0.1ms)[0m   [0;1mUPDATE "transactions" SET "updated_at" = '2010-01-12 08:44:43', "text" = 'A Payment' WHERE "id" = 2[0m
  [4;35;1mTransaction Update (0.1ms)[0m   [0mUPDATE "transactions" SET "updated_at" = '2010-01-12 08:45:55', "amount" = 100.0 WHERE "id" = 2[0m
  [4;36;1mTransaction Load (0.3ms)[0m   [0;1mSELECT * FROM "transactions" WHERE ("transactions"."amount" = 100) LIMIT 1[0m
WARNING: Can't mass-assign these protected attributes: created_at
  [4;35;1mTransaction Create (0.1ms)[0m   [0mINSERT INTO "transactions" ("created_at", "updated_at", "amount", "text", "date") VALUES('2010-01-12 08:50:55', '2010-01-12 08:50:55', NULL, 'pay', 12345)[0m
  [4;36;1mTransaction Load (0.2ms)[0m   [0;1mSELECT * FROM "transactions" [0m
  [4;35;1mTransaction Create (0.4ms)[0m   [0mINSERT INTO "transactions" ("created_at", "updated_at", "amount", "text", "date") VALUES('2010-01-12 08:52:12', '2010-01-12 08:52:12', 45.45, 'pay', 12345)[0m
  [4;36;1mTransaction Load (0.3ms)[0m   [0;1mSELECT * FROM "transactions" [0m
  [4;35;1mTransaction Create (0.1ms)[0m   [0mINSERT INTO "transactions" ("created_at", "updated_at", "amount", "text", "date") VALUES('2010-01-12 08:55:47', '2010-01-12 08:55:47', 0.0, 'pay', 12345)[0m
  [4;36;1mTransaction Create (0.1ms)[0m   [0;1mINSERT INTO "transactions" ("created_at", "updated_at", "amount", "text", "date") VALUES('2010-01-12 08:56:25', '2010-01-12 08:56:25', 10.0, 'pay', 12345)[0m
  [4;35;1mTransaction Load (0.4ms)[0m   [0mSELECT * FROM "transactions" [0m
  [4;36;1mTransaction Load (0.3ms)[0m   [0;1mSELECT * FROM "transactions" [0m
  [4;36;1mTransaction Create (0.3ms)[0m   [0;1mINSERT INTO "transactions" ("created_at", "updated_at", "amount", "text", "date") VALUES('2010-01-12 09:31:09', '2010-01-12 09:31:09', 10.99, 'Bank fee', '2010-01-10')[0m
  [4;35;1mTransaction Load (0.4ms)[0m   [0mSELECT * FROM "transactions" [0m
  [4;36;1mTransaction Create (15.4ms)[0m   [0;1mINSERT INTO "transactions" ("created_at", "updated_at", "amount", "text", "date") VALUES('2010-01-12 18:49:36', '2010-01-12 18:49:36', 20.0, 'Money', '2010-01-13')[0m
  [4;35;1mTransaction Create (0.1ms)[0m   [0mINSERT INTO "transactions" ("created_at", "updated_at", "amount", "text", "date") VALUES('2010-01-12 18:50:19', '2010-01-12 18:50:19', 10.0, 'Money', '2010-01-13')[0m
  [4;36;1mTransaction Create (0.1ms)[0m   [0;1mINSERT INTO "transactions" ("created_at", "updated_at", "amount", "text", "date") VALUES('2010-01-12 18:50:27', '2010-01-12 18:50:27', 0.0, 'Money', '2010-01-13')[0m
  [4;35;1mTransaction Create (0.1ms)[0m   [0mINSERT INTO "transactions" ("created_at", "updated_at", "amount", "text", "date") VALUES('2010-01-12 18:50:43', '2010-01-12 18:50:43', 8.0, 'Money', '2010-01-13')[0m
  [4;36;1mTransaction Load (0.6ms)[0m   [0;1mSELECT * FROM "transactions" [0m
  [4;36;1mTransaction Load (0.5ms)[0m   [0;1mSELECT * FROM "transactions" [0m
  [4;36;1mTransaction Load (0.7ms)[0m   [0;1mSELECT * FROM "transactions" [0m
WARNING: Can't mass-assign these protected attributes: extra
  [4;35;1mTransaction Create (16.0ms)[0m   [0mINSERT INTO "transactions" ("created_at", "updated_at", "amount", "text", "date") VALUES('2010-01-13 08:44:54', '2010-01-13 08:44:54', -30.99, 'Something', '2010-01-13')[0m
  [4;36;1mTransaction Load (0.4ms)[0m   [0;1mSELECT * FROM "transactions" [0m
  [4;35;1mTransaction Load (0.3ms)[0m   [0mSELECT * FROM "transactions" WHERE ("transactions"."id" = 2) [0m
  [4;36;1mTransaction Load (0.5ms)[0m   [0;1mSELECT * FROM "transactions" [0m
